<?xml version="1.0" encoding="UTF-8"?>
<!-- Generated by org.testng.reporters.JUnitXMLReporter -->
<testsuite hostname="Test" name="test 1" tests="2" failures="2" timestamp="22 Jul 2016 13:32:18 GMT" time="0.104" errors="0">
  <testcase name="test1" time="0.038" classname="suiteA.Test1">
    <failure type="java.lang.AssertionError" message="expected [U4] but found [u1]">
      <![CDATA[java.lang.AssertionError: expected [U4] but found [u1]
	at suiteA.Test1.test1(Test1.java:14)
... Removed 30 stack frames]]>
    </failure>
  </testcase> <!-- test1 -->
  <testcase name="test1" time="0.005" classname="suiteA.Test1">
    <failure type="java.lang.AssertionError" message="expected [U4] but found [u2]">
      <![CDATA[java.lang.AssertionError: expected [U4] but found [u2]
	at suiteA.Test1.test1(Test1.java:14)
... Removed 30 stack frames]]>
    </failure>
  </testcase> <!-- test1 -->
</testsuite> <!-- test 1 -->
